# JRE version: OpenJDK Runtime Environment (24.0+36) (build 24+36-3646)
# Java VM: OpenJDK 64-Bit Server VM (24+36-3646, mixed mode, sharing, tiered, compressed oops, compressed class ptrs, g1 gc, windows-amd64)
GC Precious Log:
 CardTable entry size: 512
 Card Set container configuration: InlinePtr #cards 4 size 8 Array Of Cards #cards 16 size 48 Howl #buckets 8 coarsen threshold 3686 Howl Bitmap #cards 512 size 80 coarsen threshold 460 Card regions per heap region 1 cards per card region 4096
 CPUs: 14 total, 14 available
 Memory: 15624M
 Large Page Support: Disabled
 NUMA Support: Disabled
 Compressed Oops: Enabled (Zero based)
 Heap Region Size: 2M
 Heap Min Capacity: 8M
 Heap Initial Capacity: 246M
 Heap Max Capacity: 3908M
 Pre-touch: Disabled
 Parallel Workers: 11
 Concurrent Workers: 3
 Concurrent Refinement Workers: 11
 Periodic GC: Disabled
Heap:
 garbage-first heap   total reserved 4001792K, committed 253952K, used 46415K [0x000000070bc00000, 0x0000000800000000)
  region size 2048K, 17 young (34816K), 1 survivors (2048K)
 Metaspace       used 13821K, committed 14080K, reserved 1114112K
  class space    used 1140K, committed 1280K, reserved 1048576K
GC Heap History (20 events):
Event: 286.302 GC heap before
{Heap before GC invocations=30 (full 0):
 garbage-first heap   total reserved 4001792K, committed 253952K, used 163104K [0x000000070bc00000, 0x0000000800000000)
  region size 2048K, 73 young (149504K), 1 survivors (2048K)
 Metaspace       used 13779K, committed 14080K, reserved 1114112K
  class space    used 1139K, committed 1280K, reserved 1048576K
}
Event: 286.306 GC heap after
{Heap after GC invocations=31 (full 0):
 garbage-first heap   total reserved 4001792K, committed 253952K, used 15666K [0x000000070bc00000, 0x0000000800000000)
  region size 2048K, 1 young (2048K), 1 survivors (2048K)
 Metaspace       used 13779K, committed 14080K, reserved 1114112K
  class space    used 1139K, committed 1280K, reserved 1048576K
}
Event: 295.796 GC heap before
{Heap before GC invocations=31 (full 0):
 garbage-first heap   total reserved 4001792K, committed 253952K, used 163122K [0x000000070bc00000, 0x0000000800000000)
  region size 2048K, 73 young (149504K), 1 survivors (2048K)
 Metaspace       used 13783K, committed 14080K, reserved 1114112K
  class space    used 1139K, committed 1280K, reserved 1048576K
}
Event: 295.799 GC heap after
{Heap after GC invocations=32 (full 0):
 garbage-first heap   total reserved 4001792K, committed 253952K, used 15630K [0x000000070bc00000, 0x0000000800000000)
  region size 2048K, 1 young (2048K), 1 survivors (2048K)
 Metaspace       used 13783K, committed 14080K, reserved 1114112K
  class space    used 1139K, committed 1280K, reserved 1048576K
}
Event: 305.482 GC heap before
{Heap before GC invocations=32 (full 0):
 garbage-first heap   total reserved 4001792K, committed 253952K, used 163086K [0x000000070bc00000, 0x0000000800000000)
  region size 2048K, 73 young (149504K), 1 survivors (2048K)
 Metaspace       used 13783K, committed 14080K, reserved 1114112K
  class space    used 1139K, committed 1280K, reserved 1048576K
}
Event: 305.485 GC heap after
{Heap after GC invocations=33 (full 0):
 garbage-first heap   total reserved 4001792K, committed 253952K, used 15637K [0x000000070bc00000, 0x0000000800000000)
  region size 2048K, 1 young (2048K), 1 survivors (2048K)
 Metaspace       used 13783K, committed 14080K, reserved 1114112K
  class space    used 1139K, committed 1280K, reserved 1048576K
}
Event: 315.152 GC heap before
{Heap before GC invocations=33 (full 0):
 garbage-first heap   total reserved 4001792K, committed 253952K, used 163093K [0x000000070bc00000, 0x0000000800000000)
  region size 2048K, 73 young (149504K), 1 survivors (2048K)
 Metaspace       used 13783K, committed 14080K, reserved 1114112K
  class space    used 1139K, committed 1280K, reserved 1048576K
}
Event: 315.157 GC heap after
{Heap after GC invocations=34 (full 0):
 garbage-first heap   total reserved 4001792K, committed 253952K, used 15678K [0x000000070bc00000, 0x0000000800000000)
  region size 2048K, 1 young (2048K), 1 survivors (2048K)
 Metaspace       used 13783K, committed 14080K, reserved 1114112K
  class space    used 1139K, committed 1280K, reserved 1048576K
}
Event: 324.842 GC heap before
{Heap before GC invocations=34 (full 0):
 garbage-first heap   total reserved 4001792K, committed 253952K, used 163134K [0x000000070bc00000, 0x0000000800000000)
  region size 2048K, 73 young (149504K), 1 survivors (2048K)
 Metaspace       used 13816K, committed 14080K, reserved 1114112K
  class space    used 1139K, committed 1280K, reserved 1048576K
}
Event: 324.846 GC heap after
{Heap after GC invocations=35 (full 0):
 garbage-first heap   total reserved 4001792K, committed 253952K, used 15670K [0x000000070bc00000, 0x0000000800000000)
  region size 2048K, 1 young (2048K), 1 survivors (2048K)
 Metaspace       used 13816K, committed 14080K, reserved 1114112K
  class space    used 1139K, committed 1280K, reserved 1048576K
}
Event: 334.431 GC heap before
{Heap before GC invocations=35 (full 0):
 garbage-first heap   total reserved 4001792K, committed 253952K, used 163126K [0x000000070bc00000, 0x0000000800000000)
  region size 2048K, 73 young (149504K), 1 survivors (2048K)
 Metaspace       used 13817K, committed 14080K, reserved 1114112K
  class space    used 1139K, committed 1280K, reserved 1048576K
}
Event: 334.435 GC heap after
{Heap after GC invocations=36 (full 0):
 garbage-first heap   total reserved 4001792K, committed 253952K, used 15673K [0x000000070bc00000, 0x0000000800000000)
  region size 2048K, 1 young (2048K), 1 survivors (2048K)
 Metaspace       used 13817K, committed 14080K, reserved 1114112K
  class space    used 1139K, committed 1280K, reserved 1048576K
}
Event: 344.207 GC heap before
{Heap before GC invocations=36 (full 0):
 garbage-first heap   total reserved 4001792K, committed 253952K, used 163129K [0x000000070bc00000, 0x0000000800000000)
  region size 2048K, 73 young (149504K), 1 survivors (2048K)
 Metaspace       used 13817K, committed 14080K, reserved 1114112K
  class space    used 1139K, committed 1280K, reserved 1048576K
}
Event: 344.210 GC heap after
{Heap after GC invocations=37 (full 0):
 garbage-first heap   total reserved 4001792K, committed 253952K, used 15647K [0x000000070bc00000, 0x0000000800000000)
  region size 2048K, 1 young (2048K), 1 survivors (2048K)
 Metaspace       used 13817K, committed 14080K, reserved 1114112K
  class space    used 1139K, committed 1280K, reserved 1048576K
}
Event: 353.798 GC heap before
{Heap before GC invocations=37 (full 0):
 garbage-first heap   total reserved 4001792K, committed 253952K, used 163103K [0x000000070bc00000, 0x0000000800000000)
  region size 2048K, 73 young (149504K), 1 survivors (2048K)
 Metaspace       used 13818K, committed 14080K, reserved 1114112K
  class space    used 1139K, committed 1280K, reserved 1048576K
}
Event: 353.802 GC heap after
{Heap after GC invocations=38 (full 0):
 garbage-first heap   total reserved 4001792K, committed 253952K, used 15683K [0x000000070bc00000, 0x0000000800000000)
  region size 2048K, 1 young (2048K), 1 survivors (2048K)
 Metaspace       used 13818K, committed 14080K, reserved 1114112K
  class space    used 1139K, committed 1280K, reserved 1048576K
}
Event: 363.279 GC heap before
{Heap before GC invocations=38 (full 0):
 garbage-first heap   total reserved 4001792K, committed 253952K, used 163139K [0x000000070bc00000, 0x0000000800000000)
  region size 2048K, 73 young (149504K), 1 survivors (2048K)
 Metaspace       used 13819K, committed 14080K, reserved 1114112K
  class space    used 1139K, committed 1280K, reserved 1048576K
}
Event: 363.285 GC heap after
{Heap after GC invocations=39 (full 0):
 garbage-first heap   total reserved 4001792K, committed 253952K, used 15720K [0x000000070bc00000, 0x0000000800000000)
  region size 2048K, 1 young (2048K), 1 survivors (2048K)
 Metaspace       used 13819K, committed 14080K, reserved 1114112K
  class space    used 1139K, committed 1280K, reserved 1048576K
}
Event: 372.955 GC heap before
{Heap before GC invocations=39 (full 0):
 garbage-first heap   total reserved 4001792K, committed 253952K, used 163176K [0x000000070bc00000, 0x0000000800000000)
  region size 2048K, 73 young (149504K), 1 survivors (2048K)
 Metaspace       used 13820K, committed 14080K, reserved 1114112K
  class space    used 1139K, committed 1280K, reserved 1048576K
}
Event: 372.959 GC heap after
{Heap after GC invocations=40 (full 0):
 garbage-first heap   total reserved 4001792K, committed 253952K, used 15695K [0x000000070bc00000, 0x0000000800000000)
  region size 2048K, 1 young (2048K), 1 survivors (2048K)
 Metaspace       used 13820K, committed 14080K, reserved 1114112K
  class space    used 1139K, committed 1280K, reserved 1048576K
}

